# project noname (0.0.1) configured on Wed Feb  8 02:42:47 2012 by
# waf 1.5.16 (abi 7, python 20702f0 on linux2)
# using ../node-v0.6.10/bin/node-waf configure build
#

----------------------------------------
Checking for program g++ or c++
  find program=['g++', 'c++'] paths=[] var='CXX'
  -> '/usr/lib/ccache/g++'

----------------------------------------
Checking for program cpp
  find program=['cpp'] paths=[] var='CPP'
  -> '/usr/bin/cpp'

----------------------------------------
Checking for program ar
  find program=['ar'] paths=[] var='AR'
  -> '/usr/bin/ar'

----------------------------------------
Checking for program ranlib
  find program=['ranlib'] paths=[] var='RANLIB'
  -> '/usr/bin/ranlib'

----------------------------------------
Checking for g++ 
ok 

----------------------------------------
Checking for node path 
ok ../node-v0.6.10/include/node/

----------------------------------------
Checking for node prefix 
ok /home/kim/projects/playbass/deps/node-v0.6.10

----------------------------------------
Checking for library bass
==>

int main() {
	return 0;
}

<==
[1/2] [32mcxx: build/.conf_check_0/test.cpp -> build/.conf_check_0/testbuild/Release/test_1.o
[0m['/usr/lib/ccache/g++', '-g', '../test.cpp', '-c', '-o', 'Release/test_1.o']
[2/2] [33mcxx_link: build/.conf_check_0/testbuild/Release/test_1.o -> build/.conf_check_0/testbuild/Release/testprog
[0m['/usr/lib/ccache/g++', 'Release/test_1.o', '-o', '/home/kim/projects/playbass/deps/node-bass/build/.conf_check_0/testbuild/Release/testprog', '-L/home/kim/projects/playbass/deps/node-bass/../bass', '-Wl,-Bdynamic', '-lbass']
yes
